#
# A fatal error has been detected by the Java Runtime Environment:
#
#  EXCEPTION_ACCESS_VIOLATION (0xc0000005) at pc=0x000000006a24a0a5, pid=3712, tid=0x0000000000000d48
#
# JRE version: Java(TM) SE Runtime Environment (8.0_101-b13) (build 1.8.0_101-b13)
# Java VM: Java HotSpot(TM) 64-Bit Server VM (25.101-b13 mixed mode windows-amd64 compressed oops)
# Problematic frame:
# V  [jvm.dll+0x12a0a5]
#
# Failed to write core dump. Minidumps are not enabled by default on client versions of Windows
#
# If you would like to submit a bug report, please visit:
#   http://bugreport.java.com/bugreport/crash.jsp
#

---------------  T H R E A D  ---------------

Current thread (0x0000000056462800):  JavaThread "JDWP Transport Listener: dt_socket" daemon [_thread_in_vm, id=3400, stack(0x0000000056ba0000,0x0000000056ca0000)]

siginfo: ExceptionCode=0xc0000005, reading address 0x0000036000001464

Registers:
RAX=0x0000000056c9f901, RBX=0x0000000056462800, RCX=0x0000036000001464, RDX=0x0000000000000000
RSP=0x0000000056c9f8b0, RBP=0x0000036000001464, RSI=0x0000000056c9f9c8, RDI=0x0000000001ef8a50
R8 =0x0000000056462800, R9 =0x000000000000ff00, R10=0x0000000000000000, R11=0x00000216008a003a
R12=0x0000000000000000, R13=0x0000000056468c48, R14=0x0000000000000000, R15=0x0000000000000000
RIP=0x000000006a24a0a5, EFLAGS=0x0000000000010202

Top of Stack: (sp=0x0000000056c9f8b0)
0x0000000056c9f8b0:   0000000056462800 0000000056462800
0x0000000056c9f8c0:   0000000056c9f978 000000006a452f0b
0x0000000056c9f8d0:   0000000056462800 000000006a46f76d
0x0000000056c9f8e0:   0000000000000000 000000006aa89155
0x0000000056c9f8f0:   0000000054b8f458 000000006aa9291e
0x0000000056c9f900:   0000000056462800 0000000000000000
0x0000000056c9f910:   0000000000000000 0000000000000000
0x0000000056c9f920:   0000036000001464 000000006aa91a15
0x0000000056c9f930:   0000000056c9f9c8 0000000056c9f9a0
0x0000000056c9f940:   0000000000000001 0000000054b8f458
0x0000000056c9f950:   0000036000001464 000000006aa753b3
0x0000000056c9f960:   0000000056c9fa90 0000000000000001
0x0000000056c9f970:   0000000000000001 0000000054b8f458
0x0000000056c9f980:   0000000000000009 0000000000000000
0x0000000056c9f990:   0000000000000000 0000000000000000
0x0000000056c9f9a0:   0000000000000001 000000006aa75571 

Instructions: (pc=0x000000006a24a0a5)
0x000000006a24a085:   cc cc cc cc cc cc cc cc cc cc cc 48 83 ec 28 48
0x000000006a24a095:   85 c9 75 07 33 c0 48 83 c4 28 c3 48 89 5c 24 20
0x000000006a24a0a5:   48 8b 19 48 85 db 74 20 48 83 fb 37 74 1a 48 8b
0x000000006a24a0b5:   13 48 8b cb ff 52 10 84 c0 74 0d 48 8b c3 48 8b 


Register to memory mapping:

RAX=0x0000000056c9f901 is pointing into the stack for thread: 0x0000000056462800
RBX=0x0000000056462800 is a thread
RCX=0x0000036000001464 is an unknown value
RDX=0x0000000000000000 is an unknown value
RSP=0x0000000056c9f8b0 is pointing into the stack for thread: 0x0000000056462800
RBP=0x0000036000001464 is an unknown value
RSI=0x0000000056c9f9c8 is pointing into the stack for thread: 0x0000000056462800
RDI=0x0000000001ef8a50 is an unknown value
R8 =0x0000000056462800 is a thread
R9 =0x000000000000ff00 is an unknown value
R10=0x0000000000000000 is an unknown value
R11=0x00000216008a003a is an unknown value
R12=0x0000000000000000 is an unknown value
R13=0x0000000056468c48 is an unknown value
R14=0x0000000000000000 is an unknown value
R15=0x0000000000000000 is an unknown value


Stack: [0x0000000056ba0000,0x0000000056ca0000],  sp=0x0000000056c9f8b0,  free space=1022k
Native frames: (J=compiled Java code, j=interpreted, Vv=VM code, C=native code)
V  [jvm.dll+0x12a0a5]
V  [jvm.dll+0x34f76d]
C  [jdwp.dll+0x21a15]
C  [jdwp.dll+0x53b3]
C  [jdwp.dll+0x5571]
C  [jdwp.dll+0xf0a8]
C  [jdwp.dll+0x1f2d5]
C  [jdwp.dll+0x1f4aa]
V  [jvm.dll+0x1bd258]
V  [jvm.dll+0x2451a4]
V  [jvm.dll+0x29c18a]
C  [msvcr100.dll+0x21d9f]
C  [msvcr100.dll+0x21e3b]
C  [kernel32.dll+0x159cd]
C  [ntdll.dll+0x2a2e1]


---------------  P R O C E S S  ---------------

Java Threads: ( => current thread )
  0x00000000564f9800 JavaThread "Service Thread" daemon [_thread_blocked, id=1272, stack(0x0000000057750000,0x0000000057850000)]
  0x00000000564d2800 JavaThread "C1 CompilerThread2" daemon [_thread_blocked, id=3652, stack(0x0000000057610000,0x0000000057710000)]
  0x000000005649e800 JavaThread "C2 CompilerThread1" daemon [_thread_blocked, id=2484, stack(0x0000000057490000,0x0000000057590000)]
  0x000000005647d800 JavaThread "C2 CompilerThread0" daemon [_thread_blocked, id=3632, stack(0x0000000057290000,0x0000000057390000)]
  0x000000005647c000 JavaThread "JDWP Command Reader" daemon [_thread_in_native, id=2520, stack(0x00000000570a0000,0x00000000571a0000)]
  0x000000005646c800 JavaThread "JDWP Event Helper Thread" daemon [_thread_blocked, id=1520, stack(0x0000000056e30000,0x0000000056f30000)]
=>0x0000000056462800 JavaThread "JDWP Transport Listener: dt_socket" daemon [_thread_in_vm, id=3400, stack(0x0000000056ba0000,0x0000000056ca0000)]
  0x0000000054ba7000 JavaThread "Attach Listener" daemon [_thread_blocked, id=2336, stack(0x0000000056360000,0x0000000056460000)]
  0x0000000054ba3800 JavaThread "Signal Dispatcher" daemon [_thread_blocked, id=4016, stack(0x00000000561d0000,0x00000000562d0000)]
  0x0000000054b8c000 JavaThread "Finalizer" daemon [_thread_blocked, id=2552, stack(0x0000000055f80000,0x0000000056080000)]
  0x0000000054b43000 JavaThread "Reference Handler" daemon [_thread_blocked, id=1788, stack(0x0000000055d50000,0x0000000055e50000)]
  0x0000000001efe000 JavaThread "main" [_thread_blocked, id=3660, stack(0x0000000001f70000,0x0000000002070000)]

Other Threads:
  0x0000000054b3d800 VMThread [stack: 0x0000000055b50000,0x0000000055c50000] [id=3128]
  0x0000000056502800 WatcherThread [stack: 0x0000000057950000,0x0000000057a50000] [id=2640]

VM state:not at safepoint (normal execution)

VM Mutex/Monitor currently owned by a thread: None

Heap:
 PSYoungGen      total 17920K, used 1536K [0x00000000ec000000, 0x00000000ed400000, 0x0000000100000000)
  eden space 15360K, 10% used [0x00000000ec000000,0x00000000ec1800d8,0x00000000ecf00000)
  from space 2560K, 0% used [0x00000000ed180000,0x00000000ed180000,0x00000000ed400000)
  to   space 2560K, 0% used [0x00000000ecf00000,0x00000000ecf00000,0x00000000ed180000)
 ParOldGen       total 40960K, used 0K [0x00000000c4000000, 0x00000000c6800000, 0x00000000ec000000)
  object space 40960K, 0% used [0x00000000c4000000,0x00000000c4000000,0x00000000c6800000)
 Metaspace       used 3262K, capacity 4494K, committed 4864K, reserved 1056768K
  class space    used 378K, capacity 386K, committed 512K, reserved 1048576K

Card table byte_map: [0x0000000011800000,0x00000000119f0000] byte_map_base: 0x00000000111e0000

Marking Bits: (ParMarkBitMap*) 0x000000006a93a6d0
 Begin Bits: [0x00000000121d0000, 0x00000000130d0000)
 End Bits:   [0x00000000130d0000, 0x0000000013fd0000)

Polling page: 0x0000000000400000

CodeCache: size=245760Kb used=1161Kb max_used=1161Kb free=244598Kb
 bounds [0x0000000002440000, 0x00000000026b0000, 0x0000000011440000]
 total_blobs=282 nmethods=50 adapters=154
 compilation: enabled

Compilation events (10 events):
Event: 0.520 Thread 0x00000000564d2800   46       3       java.io.DataInputStream::readInt (72 bytes)
Event: 0.520 Thread 0x00000000564d2800 nmethod 46 0x000000000255fb50 code [0x000000000255fd00, 0x0000000002560268]
Event: 0.521 Thread 0x00000000564d2800   47       3       java.util.HashMap::afterNodeInsertion (1 bytes)
Event: 0.522 Thread 0x00000000564d2800 nmethod 47 0x00000000025604d0 code [0x0000000002560620, 0x0000000002560770]
Event: 0.522 Thread 0x00000000564d2800   48       3       java.lang.String::substring (79 bytes)
Event: 0.522 Thread 0x00000000564d2800 nmethod 48 0x00000000025607d0 code [0x00000000025609a0, 0x0000000002560e98]
Event: 0.522 Thread 0x00000000564d2800   50       3       java.lang.String::startsWith (72 bytes)
Event: 0.522 Thread 0x00000000564d2800 nmethod 50 0x0000000002561150 code [0x00000000025612c0, 0x00000000025615f0]
Event: 0.522 Thread 0x00000000564d2800   49       3       java.util.HashSet::add (20 bytes)
Event: 0.523 Thread 0x00000000564d2800 nmethod 49 0x00000000025617d0 code [0x0000000002561940, 0x0000000002561bc8]

GC Heap History (0 events):
No events

Deoptimization events (0 events):
No events

Internal exceptions (7 events):
Event: 0.043 Thread 0x0000000001efe000 Exception <a 'java/lang/NoSuchMethodError': Method sun.misc.Unsafe.defineClass(Ljava/lang/String;[BII)Ljava/lang/Class; name or signature does not match> (0x00000000ec007cc0) thrown at [C:\re\workspace\8-2-build-windows-amd64-cygwin\jdk8u101\7261\hotspot\s“Ó(4‹¦?
Event: 0.043 Thread 0x0000000001efe000 Exception <a 'java/lang/NoSuchMethodError': Method sun.misc.Unsafe.prefetchRead(Ljava/lang/Object;J)V name or signature does not match> (0x00000000ec007fa8) thrown at [C:\re\workspace\8-2-build-windows-amd64-cygwin\jdk8u101\7261\hotspot\src\share\vm\prims\€ÚIhPà?
Event: 0.510 Thread 0x0000000001efe000 Exception <a 'java/security/PrivilegedActionException'> (0x00000000ec08e660) thrown at [C:\re\workspace\8-2-build-windows-amd64-cygwin\jdk8u101\7261\hotspot\src\share\vm\prims\jvm.cpp, line 1386]
Event: 0.510 Thread 0x0000000001efe000 Exception <a 'java/security/PrivilegedActionException'> (0x00000000ec08ea58) thrown at [C:\re\workspace\8-2-build-windows-amd64-cygwin\jdk8u101\7261\hotspot\src\share\vm\prims\jvm.cpp, line 1386]
Event: 0.511 Thread 0x0000000001efe000 Exception <a 'java/security/PrivilegedActionException'> (0x00000000ec092888) thrown at [C:\re\workspace\8-2-build-windows-amd64-cygwin\jdk8u101\7261\hotspot\src\share\vm\prims\jvm.cpp, line 1386]
Event: 0.511 Thread 0x0000000001efe000 Exception <a 'java/security/PrivilegedActionException'> (0x00000000ec092c80) thrown at [C:\re\workspace\8-2-build-windows-amd64-cygwin\jdk8u101\7261\hotspot\src\share\vm\prims\jvm.cpp, line 1386]
Event: 0.526 Thread 0x0000000001efe000 Exception <a 'java/lang/ArrayIndexOutOfBoundsException': 3> (0x00000000ec140ba0) thrown at [C:\re\workspace\8-2-build-windows-amd64-cygwin\jdk8u101\7261\hotspot\src\share\vm\interpreter\interpreterRuntime.cpp, line 366]

Events (10 events):
Event: 156.762 Executing VM operation: GetCurrentLocation
Event: 156.762 Executing VM operation: GetCurrentLocation done
Event: 156.762 Executing VM operation: EnterInterpOnlyMode
Event: 156.762 Executing VM operation: EnterInterpOnlyMode done
Event: 156.762 Executing VM operation: ChangeSingleStep
Event: 156.762 Executing VM operation: ChangeSingleStep done
Event: 156.762 Executing VM operation: ChangeSingleStep
Event: 156.762 Executing VM operation: ChangeSingleStep done
Event: 156.768 Executing VM operation: RedefineClasses
Event: 156.768 Executing VM operation: RedefineClasses done


Dynamic libraries:
0x000000013fe00000 - 0x000000013fe37000 	C:\Program Files\Java\jre1.8.0_101\bin\javaw.exe
0x0000000077520000 - 0x00000000776ca000 	C:\Windows\SYSTEM32\ntdll.dll
0x0000000077300000 - 0x000000007741f000 	C:\Windows\system32\kernel32.dll
0x000007fefd380000 - 0x000007fefd3ea000 	C:\Windows\system32\KERNELBASE.dll
0x000007fefe7a0000 - 0x000007fefe87b000 	C:\Windows\system32\ADVAPI32.dll
0x000007fefeb40000 - 0x000007fefebdf000 	C:\Windows\system32\msvcrt.dll
0x000007feff7b0000 - 0x000007feff7cf000 	C:\Windows\SYSTEM32\sechost.dll
0x000007fefee60000 - 0x000007fefef8d000 	C:\Windows\system32\RPCRT4.dll
0x0000000077420000 - 0x000000007751a000 	C:\Windows\system32\USER32.dll
0x000007fefe730000 - 0x000007fefe797000 	C:\Windows\system32\GDI32.dll
0x000007feff3b0000 - 0x000007feff3be000 	C:\Windows\system32\LPK.dll
0x000007fefe890000 - 0x000007fefe95a000 	C:\Windows\system32\USP10.dll
0x000007fefbc90000 - 0x000007fefbe84000 	C:\Windows\WinSxS\amd64_microsoft.windows.common-controls_6595b64144ccf1df_6.0.7601.18837_none_fa3b1e3d17594757\COMCTL32.dll
0x000007fefeac0000 - 0x000007fefeb31000 	C:\Windows\system32\SHLWAPI.dll
0x000007feff6e0000 - 0x000007feff70e000 	C:\Windows\system32\IMM32.DLL
0x000007fefebe0000 - 0x000007fefece9000 	C:\Windows\system32\MSCTF.dll
0x000000006aab0000 - 0x000000006ab82000 	C:\Program Files\Java\jre1.8.0_101\bin\msvcr100.dll
0x000000006a120000 - 0x000000006a9ba000 	C:\Program Files\Java\jre1.8.0_101\bin\server\jvm.dll
0x000007fefa950000 - 0x000007fefa959000 	C:\Windows\system32\WSOCK32.dll
0x000007feff690000 - 0x000007feff6dd000 	C:\Windows\system32\WS2_32.dll
0x000007fefe880000 - 0x000007fefe888000 	C:\Windows\system32\NSI.dll
0x000007fef7200000 - 0x000007fef723b000 	C:\Windows\system32\WINMM.dll
0x000007fefc3d0000 - 0x000007fefc3dc000 	C:\Windows\system32\VERSION.dll
0x00000000776f0000 - 0x00000000776f7000 	C:\Windows\system32\PSAPI.DLL
0x0000000074970000 - 0x000000007497f000 	C:\Program Files\Java\jre1.8.0_101\bin\verify.dll
0x0000000074940000 - 0x0000000074969000 	C:\Program Files\Java\jre1.8.0_101\bin\java.dll
0x000000006aa70000 - 0x000000006aaa5000 	C:\Program Files\Java\jre1.8.0_101\bin\jdwp.dll
0x00000000743b0000 - 0x00000000743b8000 	C:\Program Files\Java\jre1.8.0_101\bin\npt.dll
0x0000000074920000 - 0x0000000074936000 	C:\Program Files\Java\jre1.8.0_101\bin\zip.dll
0x000007fefd9a0000 - 0x000007fefe729000 	C:\Windows\system32\SHELL32.dll
0x000007feff460000 - 0x000007feff663000 	C:\Windows\system32\ole32.dll
0x000007fefd340000 - 0x000007fefd34f000 	C:\Windows\system32\profapi.dll
0x00000000743c0000 - 0x00000000743c9000 	C:\Program Files\Java\jre1.8.0_101\bin\dt_socket.dll
0x000007fefb550000 - 0x000007fefb565000 	C:\Windows\system32\NLAapi.dll
0x000007fef8710000 - 0x000007fef8725000 	C:\Windows\system32\napinsp.dll
0x000007fef86f0000 - 0x000007fef8709000 	C:\Windows\system32\pnrpnsp.dll
0x000007fefcad0000 - 0x000007fefcb25000 	C:\Windows\System32\mswsock.dll
0x000007fefc950000 - 0x000007fefc9ab000 	C:\Windows\system32\DNSAPI.dll
0x000007fef86e0000 - 0x000007fef86eb000 	C:\Windows\System32\winrnr.dll
0x000007fefb450000 - 0x000007fefb477000 	C:\Windows\system32\IPHLPAPI.DLL
0x000007fefb430000 - 0x000007fefb43b000 	C:\Windows\system32\WINNSI.DLL
0x000007fefb270000 - 0x000007fefb2c3000 	C:\Windows\System32\fwpuclnt.dll
0x000007fef8bb0000 - 0x000007fef8bb8000 	C:\Windows\system32\rasadhlp.dll
0x000007fefc4f0000 - 0x000007fefc4f7000 	C:\Windows\System32\wshtcpip.dll
0x000007fef1e30000 - 0x000007fef1f55000 	C:\Windows\system32\dbghelp.dll

VM Arguments:
jvm_args: -agentlib:jdwp=transport=dt_socket,suspend=y,address=localhost:52810 -Dfile.encoding=Cp1252 
java_command: caveExplorer.Practice
java_class_path (initial): C:\Users\Student6\git\Introduction\bin
Launcher Type: SUN_STANDARD

Environment Variables:
PATH=C:/Program Files/Java/jre1.8.0_101/bin/server;C:/Program Files/Java/jre1.8.0_101/bin;C:/Program Files/Java/jre1.8.0_101/lib/amd64;C:\ProgramData\Oracle\Java\javapath;Z:\.sys\miniperl\bin;Z:\.sys\php;C:\Windows\system32;C:\Windows;C:\Windows\System32\Wbem;C:\Windows\System32\WindowsPowerShell\v1.0\;C:\Windows\system32;
USERNAME=Student6
OS=Windows_NT
PROCESSOR_IDENTIFIER=AMD64 Family 16 Model 5 Stepping 3, AuthenticAMD



---------------  S Y S T E M  ---------------

OS: Windows 7 , 64 bit Build 7601 (6.1.7601.23539)

CPU:total 4 (4 cores per cpu, 1 threads per core) family 16 model 5 stepping 3, cmov, cx8, fxsr, mmx, sse, sse2, sse3, popcnt, mmxext, 3dnowpref, lzcnt, sse4a, tsc, tscinvbit, tscinv

Memory: 4k page, physical 3931320k(2189028k free), swap 7860780k(5119004k free)

vm_info: Java HotSpot(TM) 64-Bit Server VM (25.101-b13) for windows-amd64 JRE (1.8.0_101-b13), built on Jun 22 2016 01:21:29 by "java_re" with MS VC++ 10.0 (VS2010)

time: Fri Nov 04 12:53:11 2016
elapsed time: 156 seconds (0d 0h 2m 36s)

