#
# A fatal error has been detected by the Java Runtime Environment:
#
#  EXCEPTION_ACCESS_VIOLATION (0xc0000005) at pc=0x0000000067caa0a5, pid=168, tid=0x0000000000000fa0
#
# JRE version: Java(TM) SE Runtime Environment (8.0_101-b13) (build 1.8.0_101-b13)
# Java VM: Java HotSpot(TM) 64-Bit Server VM (25.101-b13 mixed mode windows-amd64 compressed oops)
# Problematic frame:
# V  [jvm.dll+0x12a0a5]
#
# Failed to write core dump. Minidumps are not enabled by default on client versions of Windows
#
# If you would like to submit a bug report, please visit:
#   http://bugreport.java.com/bugreport/crash.jsp
#

---------------  T H R E A D  ---------------

Current thread (0x00000000565b0800):  JavaThread "JDWP Transport Listener: dt_socket" daemon [_thread_in_vm, id=4000, stack(0x0000000056bd0000,0x0000000056cd0000)]

siginfo: ExceptionCode=0xc0000005, reading address 0x0000002e00000800

Registers:
RAX=0x0000000056ccf401, RBX=0x00000000565b0800, RCX=0x0000002e00000800, RDX=0x0000000000000000
RSP=0x0000000056ccf470, RBP=0x0000002e00000800, RSI=0x0000000056ccf588, RDI=0x0000000002108a50
R8 =0x00000000565b0800, R9 =0x000000d000280017, R10=0x0000000000000000, R11=0x000000005666210b
R12=0x0000000000000000, R13=0x00000000565b7088, R14=0x0000000000000000, R15=0x0000000000000000
RIP=0x0000000067caa0a5, EFLAGS=0x0000000000010206

Top of Stack: (sp=0x0000000056ccf470)
0x0000000056ccf470:   0000000056ccf650 0000000056661160
0x0000000056ccf480:   0000000056ccf650 0000000067eb2f0b
0x0000000056ccf490:   00000000565b0800 0000000067ecf76d
0x0000000056ccf4a0:   0000000000000000 000000006a899155
0x0000000056ccf4b0:   0000000054ead3f8 000000006a8a291e
0x0000000056ccf4c0:   00000000565b0800 0000000000000000
0x0000000056ccf4d0:   0000000000000000 0000000000000000
0x0000000056ccf4e0:   0000002e00000800 000000006a8a1a15
0x0000000056ccf4f0:   0000000056ccf588 0000000056ccf560
0x0000000056ccf500:   0000000000000001 0000000054ead3f8
0x0000000056ccf510:   0000002e00000800 000000006a8853b3
0x0000000056ccf520:   0000000056ccf650 0000000000000001
0x0000000056ccf530:   0000000000000001 0000000054ead3f8
0x0000000056ccf540:   000000000000000a 0000000000000000
0x0000000056ccf550:   0000000000000000 0000000000000000
0x0000000056ccf560:   0000000000000001 000000006a885571 

Instructions: (pc=0x0000000067caa0a5)
0x0000000067caa085:   cc cc cc cc cc cc cc cc cc cc cc 48 83 ec 28 48
0x0000000067caa095:   85 c9 75 07 33 c0 48 83 c4 28 c3 48 89 5c 24 20
0x0000000067caa0a5:   48 8b 19 48 85 db 74 20 48 83 fb 37 74 1a 48 8b
0x0000000067caa0b5:   13 48 8b cb ff 52 10 84 c0 74 0d 48 8b c3 48 8b 


Register to memory mapping:

RAX=0x0000000056ccf401 is pointing into the stack for thread: 0x00000000565b0800
RBX=0x00000000565b0800 is a thread
RCX=0x0000002e00000800 is an unknown value
RDX=0x0000000000000000 is an unknown value
RSP=0x0000000056ccf470 is pointing into the stack for thread: 0x00000000565b0800
RBP=0x0000002e00000800 is an unknown value
RSI=0x0000000056ccf588 is pointing into the stack for thread: 0x00000000565b0800
RDI=0x0000000002108a50 is an unknown value
R8 =0x00000000565b0800 is a thread
R9 =0x000000d000280017 is an unknown value
R10=0x0000000000000000 is an unknown value
R11=0x000000005666210b is an unknown value
R12=0x0000000000000000 is an unknown value
R13=0x00000000565b7088 is an unknown value
R14=0x0000000000000000 is an unknown value
R15=0x0000000000000000 is an unknown value


Stack: [0x0000000056bd0000,0x0000000056cd0000],  sp=0x0000000056ccf470,  free space=1021k
Native frames: (J=compiled Java code, j=interpreted, Vv=VM code, C=native code)
V  [jvm.dll+0x12a0a5]
V  [jvm.dll+0x34f76d]
C  [jdwp.dll+0x21a15]
C  [jdwp.dll+0x53b3]
C  [jdwp.dll+0x5571]
C  [jdwp.dll+0xf0a8]
C  [jdwp.dll+0x1f2d5]
C  [jdwp.dll+0x1f4aa]
V  [jvm.dll+0x1bd258]
V  [jvm.dll+0x2451a4]
V  [jvm.dll+0x29c18a]
C  [msvcr100.dll+0x21d9f]
C  [msvcr100.dll+0x21e3b]
C  [kernel32.dll+0x159ed]
C  [ntdll.dll+0x2c541]


---------------  P R O C E S S  ---------------

Java Threads: ( => current thread )
  0x000000005664b800 JavaThread "Service Thread" daemon [_thread_blocked, id=920, stack(0x0000000057850000,0x0000000057950000)]
  0x00000000565e8800 JavaThread "C1 CompilerThread2" daemon [_thread_blocked, id=2452, stack(0x0000000057740000,0x0000000057840000)]
  0x00000000565d0000 JavaThread "C2 CompilerThread1" daemon [_thread_blocked, id=3264, stack(0x0000000057570000,0x0000000057670000)]
  0x00000000565cb000 JavaThread "C2 CompilerThread0" daemon [_thread_blocked, id=744, stack(0x0000000057330000,0x0000000057430000)]
  0x00000000565c9800 JavaThread "JDWP Command Reader" daemon [_thread_in_native, id=3116, stack(0x0000000056e20000,0x0000000056f20000)]
  0x00000000565ba000 JavaThread "JDWP Event Helper Thread" daemon [_thread_blocked, id=2364, stack(0x00000000570f0000,0x00000000571f0000)]
=>0x00000000565b0800 JavaThread "JDWP Transport Listener: dt_socket" daemon [_thread_in_vm, id=4000, stack(0x0000000056bd0000,0x0000000056cd0000)]
  0x0000000054ec5000 JavaThread "Attach Listener" daemon [_thread_blocked, id=2280, stack(0x00000000564b0000,0x00000000565b0000)]
  0x0000000054ec1800 JavaThread "Signal Dispatcher" daemon [_thread_blocked, id=2204, stack(0x0000000056340000,0x0000000056440000)]
  0x0000000054eaa000 JavaThread "Finalizer" daemon [_thread_blocked, id=4628, stack(0x0000000056150000,0x0000000056250000)]
  0x0000000054e61000 JavaThread "Reference Handler" daemon [_thread_blocked, id=3936, stack(0x0000000055eb0000,0x0000000055fb0000)]
  0x000000000210e000 JavaThread "main" [_thread_blocked, id=4848, stack(0x00000000023f0000,0x00000000024f0000)]

Other Threads:
  0x0000000054e5b800 VMThread [stack: 0x0000000055d30000,0x0000000055e30000] [id=1668]
  0x0000000056654000 WatcherThread [stack: 0x00000000579e0000,0x0000000057ae0000] [id=2916]

VM state:not at safepoint (normal execution)

VM Mutex/Monitor currently owned by a thread: None

Heap:
 PSYoungGen      total 17920K, used 1228K [0x00000000ec000000, 0x00000000ed400000, 0x0000000100000000)
  eden space 15360K, 8% used [0x00000000ec000000,0x00000000ec1333d8,0x00000000ecf00000)
  from space 2560K, 0% used [0x00000000ed180000,0x00000000ed180000,0x00000000ed400000)
  to   space 2560K, 0% used [0x00000000ecf00000,0x00000000ecf00000,0x00000000ed180000)
 ParOldGen       total 40960K, used 0K [0x00000000c4000000, 0x00000000c6800000, 0x00000000ec000000)
  object space 40960K, 0% used [0x00000000c4000000,0x00000000c4000000,0x00000000c6800000)
 Metaspace       used 2591K, capacity 4494K, committed 4864K, reserved 1056768K
  class space    used 286K, capacity 386K, committed 512K, reserved 1048576K

Card table byte_map: [0x0000000011b80000,0x0000000011d70000] byte_map_base: 0x0000000011560000

Marking Bits: (ParMarkBitMap*) 0x000000006839a6d0
 Begin Bits: [0x00000000124f0000, 0x00000000133f0000)
 End Bits:   [0x00000000133f0000, 0x00000000142f0000)

Polling page: 0x0000000000130000

CodeCache: size=245760Kb used=1103Kb max_used=1103Kb free=244657Kb
 bounds [0x00000000027c0000, 0x0000000002a30000, 0x00000000117c0000]
 total_blobs=254 nmethods=29 adapters=148
 compilation: enabled

Compilation events (10 events):
Event: 0.304 Thread 0x00000000565e8800   26       3       java.util.Random::next (47 bytes)
Event: 0.305 Thread 0x00000000565e8800 nmethod 26 0x00000000028d2190 code [0x00000000028d2300, 0x00000000028d2710]
Event: 0.305 Thread 0x00000000565e8800   29       1       java.util.concurrent.atomic.AtomicLong::get (5 bytes)
Event: 0.305 Thread 0x00000000565e8800 nmethod 29 0x00000000028d1ed0 code [0x00000000028d2020, 0x00000000028d2130]
Event: 0.305 Thread 0x00000000565e8800   25       3       java.util.concurrent.atomic.AtomicLong::compareAndSet (13 bytes)
Event: 0.305 Thread 0x00000000565e8800 nmethod 25 0x00000000028d1b90 code [0x00000000028d1ce0, 0x00000000028d1e50]
Event: 0.305 Thread 0x00000000565e8800   28       3       java.util.Random::nextDouble (24 bytes)
Event: 0.305 Thread 0x00000000565e8800 nmethod 28 0x00000000028d1750 code [0x00000000028d18e0, 0x00000000028d1ad8]
Event: 0.305 Thread 0x00000000565e8800   27       3       java.lang.Math::random (7 bytes)
Event: 0.305 Thread 0x00000000565e8800 nmethod 27 0x00000000028d1290 code [0x00000000028d1420, 0x00000000028d1678]

GC Heap History (0 events):
No events

Deoptimization events (0 events):
No events

Internal exceptions (3 events):
Event: 0.040 Thread 0x000000000210e000 Exception <a 'java/lang/NoSuchMethodError': Method sun.misc.Unsafe.defineClass(Ljava/lang/String;[BII)Ljava/lang/Class; name or signature does not match> (0x00000000ec007cc0) thrown at [C:\re\workspace\8-2-build-windows-amd64-cygwin\jdk8u101\7261\hotspot\s≠r¿&V§?
Event: 0.040 Thread 0x000000000210e000 Exception <a 'java/lang/NoSuchMethodError': Method sun.misc.Unsafe.prefetchRead(Ljava/lang/Object;J)V name or signature does not match> (0x00000000ec007fa8) thrown at [C:\re\workspace\8-2-build-windows-amd64-cygwin\jdk8u101\7261\hotspot\src\share\vm\prims\—Ñ˜Dêã”?
Event: 0.305 Thread 0x000000000210e000 Exception <a 'java/lang/ArrayIndexOutOfBoundsException': -2> (0x00000000ec06c388) thrown at [C:\re\workspace\8-2-build-windows-amd64-cygwin\jdk8u101\7261\hotspot\src\share\vm\interpreter\interpreterRuntime.cpp, line 366]

Events (10 events):
Event: 146.549 Executing VM operation: RedefineClasses
Event: 146.549 Executing VM operation: RedefineClasses done
Event: 146.630 Executing VM operation: EnterInterpOnlyMode
Event: 146.630 Executing VM operation: EnterInterpOnlyMode done
Event: 146.630 Executing VM operation: GetCurrentLocation
Event: 146.630 Executing VM operation: GetCurrentLocation done
Event: 146.630 Executing VM operation: ChangeSingleStep
Event: 146.630 Executing VM operation: ChangeSingleStep done
Event: 146.642 Executing VM operation: ChangeSingleStep
Event: 146.642 Executing VM operation: ChangeSingleStep done


Dynamic libraries:
0x000000013fab0000 - 0x000000013fae7000 	C:\Program Files\Java\jre1.8.0_101\bin\javaw.exe
0x0000000076f60000 - 0x0000000077109000 	C:\Windows\SYSTEM32\ntdll.dll
0x0000000076d40000 - 0x0000000076e5f000 	C:\Windows\system32\kernel32.dll
0x000007fefd0a0000 - 0x000007fefd10c000 	C:\Windows\system32\KERNELBASE.dll
0x000007fefd3d0000 - 0x000007fefd4ab000 	C:\Windows\system32\ADVAPI32.dll
0x000007fefef00000 - 0x000007fefef9f000 	C:\Windows\system32\msvcrt.dll
0x000007fefdcd0000 - 0x000007fefdcef000 	C:\Windows\SYSTEM32\sechost.dll
0x000007feff040000 - 0x000007feff16d000 	C:\Windows\system32\RPCRT4.dll
0x0000000076e60000 - 0x0000000076f5a000 	C:\Windows\system32\USER32.dll
0x000007fefdb60000 - 0x000007fefdbc7000 	C:\Windows\system32\GDI32.dll
0x000007fefd940000 - 0x000007fefd94e000 	C:\Windows\system32\LPK.dll
0x000007fefddf0000 - 0x000007fefdeb9000 	C:\Windows\system32\USP10.dll
0x000007fefb540000 - 0x000007fefb734000 	C:\Windows\WinSxS\amd64_microsoft.windows.common-controls_6595b64144ccf1df_6.0.7601.17514_none_fa396087175ac9ac\COMCTL32.dll
0x000007feff1f0000 - 0x000007feff261000 	C:\Windows\system32\SHLWAPI.dll
0x000007fefd4b0000 - 0x000007fefd4de000 	C:\Windows\system32\IMM32.DLL
0x000007fefd830000 - 0x000007fefd939000 	C:\Windows\system32\MSCTF.dll
0x0000000066db0000 - 0x0000000066e82000 	C:\Program Files\Java\jre1.8.0_101\bin\msvcr100.dll
0x0000000067b80000 - 0x000000006841a000 	C:\Program Files\Java\jre1.8.0_101\bin\server\jvm.dll
0x000007fefa850000 - 0x000007fefa859000 	C:\Windows\system32\WSOCK32.dll
0x000007fefd130000 - 0x000007fefd17d000 	C:\Windows\system32\WS2_32.dll
0x000007fefd3c0000 - 0x000007fefd3c8000 	C:\Windows\system32\NSI.dll
0x000007fef9e60000 - 0x000007fef9e9b000 	C:\Windows\system32\WINMM.dll
0x000007fefbe40000 - 0x000007fefbe4c000 	C:\Windows\system32\VERSION.dll
0x0000000077120000 - 0x0000000077127000 	C:\Windows\system32\PSAPI.DLL
0x000000006aa70000 - 0x000000006aa7f000 	C:\Program Files\Java\jre1.8.0_101\bin\verify.dll
0x000000006aa40000 - 0x000000006aa69000 	C:\Program Files\Java\jre1.8.0_101\bin\java.dll
0x000000006a880000 - 0x000000006a8b5000 	C:\Program Files\Java\jre1.8.0_101\bin\jdwp.dll
0x000000006a870000 - 0x000000006a878000 	C:\Program Files\Java\jre1.8.0_101\bin\npt.dll
0x000000006aa20000 - 0x000000006aa36000 	C:\Program Files\Java\jre1.8.0_101\bin\zip.dll
0x000007fefe170000 - 0x000007fefeef8000 	C:\Windows\system32\SHELL32.dll
0x000007fefd950000 - 0x000007fefdb53000 	C:\Windows\system32\ole32.dll
0x000007fefcd70000 - 0x000007fefcd7f000 	C:\Windows\system32\profapi.dll
0x000000006a860000 - 0x000000006a869000 	C:\Program Files\Java\jre1.8.0_101\bin\dt_socket.dll
0x000007fefad70000 - 0x000007fefad85000 	C:\Windows\system32\NLAapi.dll
0x000007fef8150000 - 0x000007fef8165000 	C:\Windows\system32\napinsp.dll
0x000007fef8130000 - 0x000007fef8149000 	C:\Windows\system32\pnrpnsp.dll
0x000007fefc550000 - 0x000007fefc5a5000 	C:\Windows\System32\mswsock.dll
0x000007fefc3d0000 - 0x000007fefc42b000 	C:\Windows\system32\DNSAPI.dll
0x000007fef8120000 - 0x000007fef812b000 	C:\Windows\System32\winrnr.dll
0x000007fefaad0000 - 0x000007fefaaf7000 	C:\Windows\system32\IPHLPAPI.DLL
0x000007fefaab0000 - 0x000007fefaabb000 	C:\Windows\system32\WINNSI.DLL
0x000007fefa860000 - 0x000007fefa8b3000 	C:\Windows\System32\fwpuclnt.dll
0x000007fef8670000 - 0x000007fef8678000 	C:\Windows\system32\rasadhlp.dll
0x000007fefbf30000 - 0x000007fefbf37000 	C:\Windows\System32\wshtcpip.dll
0x000007feef640000 - 0x000007feef765000 	C:\Windows\system32\dbghelp.dll

VM Arguments:
jvm_args: -agentlib:jdwp=transport=dt_socket,suspend=y,address=localhost:64263 -Dfile.encoding=Cp1252 
java_command: array.Demonstartion
java_class_path (initial): C:\Users\Student6\git\Introduction\bin
Launcher Type: SUN_STANDARD

Environment Variables:
PATH=C:/Program Files/Java/jre1.8.0_101/bin/server;C:/Program Files/Java/jre1.8.0_101/bin;C:/Program Files/Java/jre1.8.0_101/lib/amd64;C:\ProgramData\Oracle\Java\javapath;Z:\.sys\miniperl\bin;Z:\.sys\php;C:\Windows\system32;C:\Windows;C:\Windows\System32\Wbem;C:\Windows\System32\WindowsPowerShell\v1.0\;C:\Windows\system32;
USERNAME=Student6
OS=Windows_NT
PROCESSOR_IDENTIFIER=AMD64 Family 16 Model 5 Stepping 3, AuthenticAMD



---------------  S Y S T E M  ---------------

OS: Windows 7 , 64 bit Build 7601 (6.1.7601.18409)

CPU:total 4 (4 cores per cpu, 1 threads per core) family 16 model 5 stepping 3, cmov, cx8, fxsr, mmx, sse, sse2, sse3, popcnt, mmxext, 3dnowpref, lzcnt, sse4a, tsc, tscinvbit, tscinv

Memory: 4k page, physical 3931320k(2197244k free), swap 7860776k(4450500k free)

vm_info: Java HotSpot(TM) 64-Bit Server VM (25.101-b13) for windows-amd64 JRE (1.8.0_101-b13), built on Jun 22 2016 01:21:29 by "java_re" with MS VC++ 10.0 (VS2010)

time: Tue Oct 18 12:26:11 2016
elapsed time: 146 seconds (0d 0h 2m 26s)

